c:\users\user\documents\unity-technologies-nativeaudioplugins-950398abee9d\nativecode\visualstudio\build\debug\vc141.pdb
c:\users\user\documents\unity-technologies-nativeaudioplugins-950398abee9d\nativecode\visualstudio\build\debug\plugin_spatializer.obj
c:\users\user\documents\unity-technologies-nativeaudioplugins-950398abee9d\nativecode\visualstudio\build\debug\plugin_routing.obj
c:\users\user\documents\unity-technologies-nativeaudioplugins-950398abee9d\nativecode\visualstudio\build\debug\plugin_ringmodulator.obj
c:\users\user\documents\unity-technologies-nativeaudioplugins-950398abee9d\nativecode\visualstudio\build\debug\plugin_pitchdetector.obj
c:\users\user\documents\unity-technologies-nativeaudioplugins-950398abee9d\nativecode\visualstudio\build\debug\plugin_oscilloscope.obj
c:\users\user\documents\unity-technologies-nativeaudioplugins-950398abee9d\nativecode\visualstudio\build\debug\plugin_noisebox.obj
c:\users\user\documents\unity-technologies-nativeaudioplugins-950398abee9d\nativecode\visualstudio\build\debug\plugin_multiband.obj
c:\users\user\documents\unity-technologies-nativeaudioplugins-950398abee9d\nativecode\visualstudio\build\debug\plugin_modalfilter.obj
c:\users\user\documents\unity-technologies-nativeaudioplugins-950398abee9d\nativecode\visualstudio\build\debug\plugin_loudnessmeter.obj
c:\users\user\documents\unity-technologies-nativeaudioplugins-950398abee9d\nativecode\visualstudio\build\debug\plugin_levelmixer.obj
c:\users\user\documents\unity-technologies-nativeaudioplugins-950398abee9d\nativecode\visualstudio\build\debug\plugin_lofinator.obj
c:\users\user\documents\unity-technologies-nativeaudioplugins-950398abee9d\nativecode\visualstudio\build\debug\plugin_interactivepanning.obj
c:\users\user\documents\unity-technologies-nativeaudioplugins-950398abee9d\nativecode\visualstudio\build\debug\plugin_impulsegenerator.obj
c:\users\user\documents\unity-technologies-nativeaudioplugins-950398abee9d\nativecode\visualstudio\build\debug\plugin_impactgenerator.obj
c:\users\user\documents\unity-technologies-nativeaudioplugins-950398abee9d\nativecode\visualstudio\build\debug\plugin_granulator.obj
c:\users\user\documents\unity-technologies-nativeaudioplugins-950398abee9d\nativecode\visualstudio\build\debug\plugin_equalizer.obj
c:\users\user\documents\unity-technologies-nativeaudioplugins-950398abee9d\nativecode\visualstudio\build\debug\plugin_correlationmeter.obj
c:\users\user\documents\unity-technologies-nativeaudioplugins-950398abee9d\nativecode\visualstudio\build\debug\plugin_convolutionreverb.obj
c:\users\user\documents\unity-technologies-nativeaudioplugins-950398abee9d\nativecode\visualstudio\build\debug\hrtftable.obj
c:\users\user\documents\unity-technologies-nativeaudioplugins-950398abee9d\nativecode\visualstudio\build\debug\audiopluginutil.obj
c:\users\user\documents\unity-technologies-nativeaudioplugins-950398abee9d\nativecode\visualstudio\build\debug\plugin_wahwah.obj
c:\users\user\documents\unity-technologies-nativeaudioplugins-950398abee9d\nativecode\visualstudio\build\debug\plugin_vocoder.obj
c:\users\user\documents\unity-technologies-nativeaudioplugins-950398abee9d\nativecode\visualstudio\build\debug\plugin_tuberesonator.obj
c:\users\user\documents\unity-technologies-nativeaudioplugins-950398abee9d\nativecode\visualstudio\build\debug\plugin_teleport.obj
c:\users\user\documents\unity-technologies-nativeaudioplugins-950398abee9d\nativecode\visualstudio\build\debug\plugin_teedee.obj
c:\users\user\documents\unity-technologies-nativeaudioplugins-950398abee9d\nativecode\visualstudio\build\debug\plugin_teebee.obj
c:\users\user\documents\unity-technologies-nativeaudioplugins-950398abee9d\nativecode\visualstudio\build\debug\plugin_synthesizer.obj
c:\users\user\documents\unity-technologies-nativeaudioplugins-950398abee9d\nativecode\visualstudio\build\debug\plugin_stereowidener.obj
c:\users\user\documents\unity-technologies-nativeaudioplugins-950398abee9d\nativecode\visualstudio\build\debug\plugin_spatializerreverb.obj
c:\users\user\documents\unity-technologies-nativeaudioplugins-950398abee9d\nativecode\visualstudio\build\debug\audioplugindemo.exp
c:\users\user\documents\unity-technologies-nativeaudioplugins-950398abee9d\nativecode\visualstudio\build\debug\audioplugindemo.pdb
c:\users\user\documents\unity-technologies-nativeaudioplugins-950398abee9d\nativecode\visualstudio\build\debug\audioplugindemo.tlog\cl.command.1.tlog
c:\users\user\documents\unity-technologies-nativeaudioplugins-950398abee9d\nativecode\visualstudio\build\debug\audioplugindemo.tlog\cl.read.1.tlog
c:\users\user\documents\unity-technologies-nativeaudioplugins-950398abee9d\nativecode\visualstudio\build\debug\audioplugindemo.tlog\cl.write.1.tlog
c:\users\user\documents\unity-technologies-nativeaudioplugins-950398abee9d\nativecode\visualstudio\build\debug\audioplugindemo.tlog\link-cvtres.read.1.tlog
c:\users\user\documents\unity-technologies-nativeaudioplugins-950398abee9d\nativecode\visualstudio\build\debug\audioplugindemo.tlog\link-cvtres.write.1.tlog
c:\users\user\documents\unity-technologies-nativeaudioplugins-950398abee9d\nativecode\visualstudio\build\debug\audioplugindemo.tlog\link-rc.read.1.tlog
c:\users\user\documents\unity-technologies-nativeaudioplugins-950398abee9d\nativecode\visualstudio\build\debug\audioplugindemo.tlog\link-rc.write.1.tlog
c:\users\user\documents\unity-technologies-nativeaudioplugins-950398abee9d\nativecode\visualstudio\build\debug\audioplugindemo.tlog\link.command.1.tlog
c:\users\user\documents\unity-technologies-nativeaudioplugins-950398abee9d\nativecode\visualstudio\build\debug\audioplugindemo.tlog\link.read.1.tlog
c:\users\user\documents\unity-technologies-nativeaudioplugins-950398abee9d\nativecode\visualstudio\build\debug\audioplugindemo.tlog\link.write.1.tlog
